<?xml version="1.0" encoding="UTF-8"?>
<!-- Generated by org.testng.reporters.JUnitReportReporter -->
<testsuite skipped="0" hostname="Sumeyras-MBP.home" name="Tests.VerizonTest1" tests="2" failures="0" timestamp="10 Nov 2019 15:28:44 GMT" time="20.043" errors="0">
  <testcase name="getTitle" time="8.598" classname="Tests.VerizonTest1"/>
  <testcase name="movetophone" time="11.445" classname="Tests.VerizonTest1"/>
</testsuite> <!-- Tests.VerizonTest1 -->
