<?xml version="1.0" encoding="UTF-8"?>
<!-- Generated by org.testng.reporters.JUnitReportReporter -->
<testsuite skipped="0" hostname="Sumeyras-MBP.home" name="Tests.DesignmanticAllTest" tests="1" failures="0" timestamp="12 Nov 2019 13:51:49 GMT" time="11.636" errors="0">
  <testcase name="Login" time="11.636" classname="Tests.DesignmanticAllTest"/>
</testsuite> <!-- Tests.DesignmanticAllTest -->
