<?xml version="1.0" encoding="UTF-8"?>
<!-- Generated by org.testng.reporters.JUnitReportReporter -->
<testsuite skipped="0" hostname="Sumeyras-MBP.home" name="Tests.Verizon11IphoneTest" tests="1" failures="0" timestamp="20 Nov 2019 16:55:36 GMT" time="18.979" errors="0">
  <testcase name="chooseFeatures" time="18.979" classname="Tests.Verizon11IphoneTest"/>
</testsuite> <!-- Tests.Verizon11IphoneTest -->
