<?xml version="1.0" encoding="UTF-8"?>
<!-- Generated by org.testng.reporters.JUnitReportReporter -->
<testsuite skipped="0" hostname="Sumeyras-MBP.home" name="Tests.VerizonPhoneTest" tests="2" failures="0" timestamp="20 Nov 2019 16:55:36 GMT" time="20.527" errors="0">
  <testcase name="getMainTitle" time="8.750" classname="Tests.VerizonPhoneTest"/>
  <testcase name="phoneChoose" time="11.777" classname="Tests.VerizonPhoneTest"/>
</testsuite> <!-- Tests.VerizonPhoneTest -->
