<?xml version="1.0" encoding="UTF-8"?>
<!-- Generated by org.testng.reporters.JUnitReportReporter -->
<testsuite skipped="0" hostname="Sumeyras-MBP.home" name="Tests.VerizonTest3" tests="1" failures="0" timestamp="10 Nov 2019 00:07:55 GMT" time="23.448" errors="0">
  <testcase name="features" time="23.448" classname="Tests.VerizonTest3"/>
</testsuite> <!-- Tests.VerizonTest3 -->
