<?xml version="1.0" encoding="UTF-8"?>
<!-- Generated by org.testng.reporters.JUnitReportReporter -->
<testsuite skipped="0" hostname="Sumeyras-MBP.home" name="Tests.Designmanticpage3Test" tests="2" failures="0" timestamp="11 Nov 2019 17:02:51 GMT" time="6.348" errors="0">
  <testcase name="Logo" time="3.743" classname="Tests.Designmanticpage3Test"/>
  <testcase name="getTitle" time="2.605" classname="Tests.Designmanticpage3Test"/>
</testsuite> <!-- Tests.Designmanticpage3Test -->
