<?xml version="1.0" encoding="UTF-8"?>
<!-- Generated by org.testng.reporters.JUnitReportReporter -->
<testsuite skipped="0" hostname="Sumeyras-MBP.home" name="Tests.DesignmantigLoginTest2" tests="1" failures="0" timestamp="11 Nov 2019 17:01:20 GMT" time="3.331" errors="0">
  <testcase name="Login" time="3.331" classname="Tests.DesignmantigLoginTest2"/>
</testsuite> <!-- Tests.DesignmantigLoginTest2 -->
