<?xml version="1.0" encoding="UTF-8"?>
<!-- Generated by org.testng.reporters.JUnitReportReporter -->
<testsuite skipped="0" hostname="Sumeyras-MBP.home" name="Tests.VerizonSmartphoneTest" tests="2" failures="0" timestamp="20 Nov 2019 16:55:36 GMT" time="27.799" errors="0">
  <testcase name="smartPhoneClick" time="15.331" classname="Tests.VerizonSmartphoneTest"/>
  <testcase name="getPhoneTitle" time="12.468" classname="Tests.VerizonSmartphoneTest"/>
</testsuite> <!-- Tests.VerizonSmartphoneTest -->
