<?xml version="1.0" encoding="UTF-8"?>
<!-- Generated by org.testng.reporters.JUnitReportReporter -->
<testsuite skipped="0" hostname="Sumeyras-MBP.home" name="Tests.DesignmanticTest1" tests="2" failures="0" timestamp="11 Nov 2019 17:00:12 GMT" time="5.543" errors="0">
  <testcase name="getTitle" time="3.037" classname="Tests.DesignmanticTest1"/>
  <testcase name="clicklogin" time="2.506" classname="Tests.DesignmanticTest1"/>
</testsuite> <!-- Tests.DesignmanticTest1 -->
