<?xml version="1.0" encoding="UTF-8"?>
<!-- Generated by org.testng.reporters.JUnitReportReporter -->
<testsuite skipped="0" hostname="Sumeyras-MBP.home" name="Tests.VerizonTest2" tests="1" failures="0" timestamp="10 Nov 2019 15:45:57 GMT" time="13.162" errors="0">
  <testcase name="ClickSmart" time="13.162" classname="Tests.VerizonTest2"/>
</testsuite> <!-- Tests.VerizonTest2 -->
