<?xml version="1.0" encoding="UTF-8"?>
<!-- Generated by org.testng.reporters.JUnitReportReporter -->
<testsuite skipped="0" hostname="Sumeyras-MBP.home" name="Tests.designmanticMainPageTest" tests="1" failures="0" timestamp="16 Nov 2019 01:10:31 GMT" time="3.213" errors="0">
  <testcase name="Login" time="3.213" classname="Tests.designmanticMainPageTest"/>
</testsuite> <!-- Tests.designmanticMainPageTest -->
