<?xml version="1.0" encoding="UTF-8"?>
<!-- Generated by org.testng.reporters.JUnitReportReporter -->
<testsuite skipped="0" hostname="ZeynepGpsiPhone.localdomain" name="Tests.VerizonTest4" tests="1" failures="0" timestamp="08 Nov 2019 17:28:41 GMT" time="10.272" errors="0">
  <testcase name="getText" time="10.272" classname="Tests.VerizonTest4"/>
</testsuite> <!-- Tests.VerizonTest4 -->
