<?xml version="1.0" encoding="UTF-8"?>
<!-- Generated by org.testng.reporters.JUnitReportReporter -->
<testsuite skipped="0" hostname="Sumeyras-MBP.home" name="Tests.BarnsAndNobleTest" tests="1" failures="0" timestamp="12 Nov 2019 21:58:22 GMT" time="12.618" errors="0">
  <testcase name="mainPageMethods" time="12.618" classname="Tests.BarnsAndNobleTest"/>
</testsuite> <!-- Tests.BarnsAndNobleTest -->
