<?xml version="1.0" encoding="UTF-8"?>
<!-- Generated by org.testng.reporters.JUnitReportReporter -->
<testsuite skipped="0" hostname="Sumeyras-MBP.home" name="Tests.DesignmanticLoginTest" tests="1" failures="0" timestamp="16 Nov 2019 01:26:22 GMT" time="4.105" errors="0">
  <testcase name="Login" time="4.105" classname="Tests.DesignmanticLoginTest"/>
</testsuite> <!-- Tests.DesignmanticLoginTest -->
