<?xml version="1.0" encoding="UTF-8"?>
<!-- Generated by org.testng.reporters.JUnitReportReporter -->
<testsuite skipped="0" hostname="Sumeyras-MBP.home" name="Tests.VerizonCustomizeTest" tests="2" failures="0" timestamp="20 Nov 2019 16:55:36 GMT" time="39.429" errors="0">
  <testcase name="getMainTitle" time="19.753" classname="Tests.VerizonCustomizeTest"/>
  <testcase name="CustomizeTest" time="19.676" classname="Tests.VerizonCustomizeTest"/>
</testsuite> <!-- Tests.VerizonCustomizeTest -->
