<?xml version="1.0" encoding="UTF-8"?>
<!-- Generated by org.testng.reporters.JUnitReportReporter -->
<testsuite skipped="0" hostname="Sumeyras-MBP.home" name="Tests.DesignmantigLoginTest" tests="1" failures="0" timestamp="09 Nov 2019 11:15:30 GMT" time="67.042" errors="0">
  <testcase name="Login" time="67.042" classname="Tests.DesignmantigLoginTest"/>
</testsuite> <!-- Tests.DesignmantigLoginTest -->
