<?xml version="1.0" encoding="UTF-8"?>
<!-- Generated by org.testng.reporters.JUnitReportReporter -->
<testsuite skipped="0" hostname="Sumeyras-MBP.home" name="Tests.DesignmanticTest4" tests="1" failures="0" timestamp="11 Nov 2019 18:21:31 GMT" time="6.130" errors="0">
  <testcase name="verification" time="6.130" classname="Tests.DesignmanticTest4"/>
</testsuite> <!-- Tests.DesignmanticTest4 -->
